<?xml version="1.0" encoding="UTF-8"?>
<testng-results ignored="0" total="2" passed="2" failed="0" skipped="0">
  <reporter-output>
  </reporter-output>
  <suite started-at="2024-06-24T13:32:23 AST" name="Suite" finished-at="2024-06-24T13:33:41 AST" duration-ms="78276">
    <groups>
    </groups>
    <test started-at="2024-06-24T13:32:23 AST" name="Test" finished-at="2024-06-24T13:33:41 AST" duration-ms="78276">
      <class name="tests.Card1Test">
        <test-method is-config="true" signature="setUp()[pri:0, instance:tests.Card1Test@f6efaab]" started-at="2024-06-24T13:32:23 AST" name="setUp" finished-at="2024-06-24T13:32:32 AST" duration-ms="9057" status="PASS">
          <reporter-output>
          </reporter-output>
        </test-method> <!-- setUp -->
        <test-method signature="testCardOne()[pri:0, instance:tests.Card1Test@f6efaab]" started-at="2024-06-24T13:32:32 AST" name="testCardOne" finished-at="2024-06-24T13:33:01 AST" duration-ms="29504" status="PASS">
          <reporter-output>
          </reporter-output>
        </test-method> <!-- testCardOne -->
        <test-method is-config="true" signature="tearDown()[pri:0, instance:tests.Card1Test@f6efaab]" started-at="2024-06-24T13:33:01 AST" name="tearDown" finished-at="2024-06-24T13:33:02 AST" duration-ms="851" status="PASS">
          <reporter-output>
          </reporter-output>
        </test-method> <!-- tearDown -->
      </class> <!-- tests.Card1Test -->
      <class name="tests.Card2Test">
        <test-method is-config="true" signature="setUp()[pri:0, instance:tests.Card2Test@35d019a3]" started-at="2024-06-24T13:33:02 AST" name="setUp" finished-at="2024-06-24T13:33:11 AST" duration-ms="8647" status="PASS">
          <reporter-output>
          </reporter-output>
        </test-method> <!-- setUp -->
        <test-method signature="testCardTwo()[pri:0, instance:tests.Card2Test@35d019a3]" started-at="2024-06-24T13:33:11 AST" name="testCardTwo" finished-at="2024-06-24T13:33:41 AST" duration-ms="29565" status="PASS">
          <reporter-output>
          </reporter-output>
        </test-method> <!-- testCardTwo -->
        <test-method is-config="true" signature="tearDown()[pri:0, instance:tests.Card2Test@35d019a3]" started-at="2024-06-24T13:33:41 AST" name="tearDown" finished-at="2024-06-24T13:33:41 AST" duration-ms="582" status="PASS">
          <reporter-output>
          </reporter-output>
        </test-method> <!-- tearDown -->
      </class> <!-- tests.Card2Test -->
    </test> <!-- Test -->
  </suite> <!-- Suite -->
</testng-results>
